2025-07-11 15:35:12.249 [info] [main] Log level: Info
2025-07-11 15:35:12.249 [info] [main] Validating found git in: "git"
2025-07-11 15:35:12.249 [info] [main] Using git "2.50.0" from "git"
2025-07-11 15:35:12.249 [info] [Model][doInitialScan] Initial repository scan started
2025-07-11 15:35:12.249 [info] > git rev-parse --show-toplevel [14ms]
2025-07-11 15:35:12.249 [info] > git rev-parse --git-dir --git-common-dir [2ms]
2025-07-11 15:35:12.249 [info] [Model][openRepository] Opened repository: /home/bpatch/repos/java/project-manager
2025-07-11 15:35:12.273 [info] > git rev-parse --show-toplevel [4ms]
2025-07-11 15:35:12.276 [info] [Model][doInitialScan] Initial repository scan completed - repositories (1), closed repositories (0), parent repositories (0), unsafe repositories (0)
2025-07-11 15:35:12.276 [info] > git config --get commit.template [16ms]
2025-07-11 15:35:12.372 [info] > git for-each-ref --format=%(refname)%00%(upstream:short)%00%(objectname)%00%(upstream:track)%00%(upstream:remotename)%00%(upstream:remoteref) refs/heads/master refs/remotes/master [2ms]
2025-07-11 15:35:12.382 [warning] [Git][revParse] Unable to read file: ENOENT: no such file or directory, open '/home/bpatch/repos/java/project-manager/.git/refs/remotes/origin/master'
2025-07-11 15:35:12.396 [info] > git rev-parse refs/remotes/origin/master [14ms]
2025-07-11 15:35:12.417 [info] > git status -z -uall [12ms]
2025-07-11 15:35:12.420 [info] > git for-each-ref --sort -committerdate --format %(refname)%00%(objectname)%00%(*objectname) [5ms]
2025-07-11 15:35:12.496 [info] > git for-each-ref --format=%(refname)%00%(upstream:short)%00%(objectname)%00%(upstream:track)%00%(upstream:remotename)%00%(upstream:remoteref) refs/heads/master refs/remotes/master [39ms]
2025-07-11 15:35:12.508 [info] > git config --get --local branch.master.vscode-merge-base [2ms]
2025-07-11 15:35:12.509 [warning] [Git][config] git config failed: Failed to execute git
2025-07-11 15:35:12.518 [info] > git config --get commit.template [23ms]
2025-07-11 15:35:12.547 [info] > git reflog master --grep-reflog=branch: Created from *. [29ms]
2025-07-11 15:35:12.574 [info] > git symbolic-ref --short refs/remotes/origin/HEAD [20ms]
2025-07-11 15:35:12.583 [info] > git for-each-ref --format=%(refname)%00%(upstream:short)%00%(objectname)%00%(upstream:track)%00%(upstream:remotename)%00%(upstream:remoteref) refs/heads/master refs/remotes/master [37ms]
2025-07-11 15:35:12.620 [warning] [Git][revParse] Unable to read file: ENOENT: no such file or directory, open '/home/bpatch/repos/java/project-manager/.git/refs/remotes/origin/master'
2025-07-11 15:35:12.620 [info] > git for-each-ref --format=%(refname)%00%(upstream:short)%00%(objectname)%00%(upstream:track)%00%(upstream:remotename)%00%(upstream:remoteref) refs/heads/origin/master refs/remotes/origin/master [37ms]
2025-07-11 15:35:12.631 [info] > git rev-parse refs/remotes/origin/master [11ms]
2025-07-11 15:35:12.651 [info] > git status -z -uall [10ms]
2025-07-11 15:35:12.651 [info] > git config --add --local branch.master.vscode-merge-base origin/master [22ms]
2025-07-11 15:35:12.652 [info] > git for-each-ref --sort -committerdate --format %(refname)%00%(objectname)%00%(*objectname) [2ms] (cancelled)
2025-07-11 15:35:12.673 [info] > git for-each-ref --format=%(refname)%00%(upstream:short)%00%(objectname)%00%(upstream:track)%00%(upstream:remotename)%00%(upstream:remoteref) refs/heads/master refs/remotes/master [12ms]
2025-07-11 15:35:12.683 [info] > git config --get commit.template [11ms]
2025-07-11 15:35:12.684 [info] > git config --get --local branch.master.vscode-merge-base [2ms]
2025-07-11 15:35:12.702 [info] > git for-each-ref --format=%(refname)%00%(upstream:short)%00%(objectname)%00%(upstream:track)%00%(upstream:remotename)%00%(upstream:remoteref) refs/heads/origin/master refs/remotes/origin/master [9ms]
2025-07-11 15:35:12.713 [info] > git for-each-ref --format=%(refname)%00%(upstream:short)%00%(objectname)%00%(upstream:track)%00%(upstream:remotename)%00%(upstream:remoteref) refs/heads/master refs/remotes/master [12ms]
2025-07-11 15:35:12.723 [warning] [Git][revParse] Unable to read file: ENOENT: no such file or directory, open '/home/bpatch/repos/java/project-manager/.git/refs/remotes/origin/master'
2025-07-11 15:35:12.723 [info] > git merge-base refs/heads/master refs/remotes/origin/master [11ms]
2025-07-11 15:35:12.734 [info] > git rev-parse refs/remotes/origin/master [12ms]
2025-07-11 15:35:12.753 [info] > git status -z -uall [10ms]
2025-07-11 15:35:12.753 [info] > git diff --name-status -z --diff-filter=ADMR dba29c2f18913f343d7278669876ee078ddcd318...refs/remotes/origin/master [20ms]
2025-07-11 15:35:12.754 [info] > git for-each-ref --sort -committerdate --format %(refname)%00%(objectname)%00%(*objectname) [2ms]
2025-07-11 15:35:12.839 [info] > git check-ignore -v -z --stdin [1ms]
2025-07-11 15:35:16.822 [info] > git config --get commit.template [9ms]
2025-07-11 15:35:16.823 [info] > git for-each-ref --format=%(refname)%00%(upstream:short)%00%(objectname)%00%(upstream:track)%00%(upstream:remotename)%00%(upstream:remoteref) refs/heads/master refs/remotes/master [1ms]
2025-07-11 15:35:16.833 [warning] [Git][revParse] Unable to read file: ENOENT: no such file or directory, open '/home/bpatch/repos/java/project-manager/.git/refs/remotes/origin/master'
2025-07-11 15:35:16.834 [info] > git rev-parse refs/remotes/origin/master [1ms]
2025-07-11 15:35:16.851 [info] > git status -z -uall [9ms]
2025-07-11 15:35:16.853 [info] > git for-each-ref --sort -committerdate --format %(refname)%00%(objectname)%00%(*objectname) [2ms]
2025-07-11 15:35:18.326 [info] > git check-ignore -v -z --stdin [49ms]
2025-07-11 15:35:21.002 [info] > git show --textconv :src/main/java/org/drbpatch/NotificationManager.java [13ms]
2025-07-11 15:35:21.003 [info] > git ls-files --stage -- src/main/java/org/drbpatch/NotificationManager.java [2ms]
2025-07-11 15:35:21.015 [info] > git cat-file -s 6ddf850e0e8ff5903eb94e6e0d399c471e550714 [2ms]
2025-07-11 15:35:21.157 [info] > git check-ignore -v -z --stdin [0ms]
2025-07-11 15:35:32.709 [info] [main] Log level: Info
2025-07-11 15:35:32.709 [info] [main] Validating found git in: "git"
2025-07-11 15:35:32.709 [info] [main] Using git "2.50.0" from "git"
2025-07-11 15:35:32.709 [info] [Model][doInitialScan] Initial repository scan started
2025-07-11 15:35:32.709 [info] [Model][doInitialScan] Initial repository scan completed - repositories (0), closed repositories (0), parent repositories (0), unsafe repositories (0)
2025-07-11 15:37:23.369 [info] [main] Log level: Info
2025-07-11 15:37:23.369 [info] [main] Validating found git in: "git"
2025-07-11 15:37:23.369 [info] [main] Using git "2.50.0" from "git"
2025-07-11 15:37:23.369 [info] [Model][doInitialScan] Initial repository scan started
2025-07-11 15:37:23.369 [info] > git rev-parse --show-toplevel [389ms]
2025-07-11 15:37:23.396 [info] > git rev-parse --git-dir --git-common-dir [3ms]
2025-07-11 15:37:23.408 [info] [Model][openRepository] Opened repository: /home/bpatch/repos/java/project-manager
2025-07-11 15:37:23.486 [info] > git rev-parse --show-toplevel [5ms]
2025-07-11 15:37:23.489 [info] [Model][doInitialScan] Initial repository scan completed - repositories (1), closed repositories (0), parent repositories (0), unsafe repositories (0)
2025-07-11 15:37:23.489 [info] > git config --get commit.template [17ms]
2025-07-11 15:37:23.555 [info] > git for-each-ref --format=%(refname)%00%(upstream:short)%00%(objectname)%00%(upstream:track)%00%(upstream:remotename)%00%(upstream:remoteref) refs/heads/master refs/remotes/master [9ms]
2025-07-11 15:37:23.568 [warning] [Git][revParse] Unable to read file: ENOENT: no such file or directory, open '/home/bpatch/repos/java/project-manager/.git/refs/remotes/origin/master'
2025-07-11 15:37:23.633 [info] > git rev-parse refs/remotes/origin/master [66ms]
2025-07-11 15:37:23.656 [info] > git status -z -uall [13ms]
2025-07-11 15:37:23.657 [info] > git for-each-ref --sort -committerdate --format %(refname)%00%(objectname)%00%(*objectname) [2ms]
2025-07-11 15:37:23.694 [info] > git for-each-ref --format=%(refname)%00%(upstream:short)%00%(objectname)%00%(upstream:track)%00%(upstream:remotename)%00%(upstream:remoteref) refs/heads/master refs/remotes/master [13ms]
2025-07-11 15:37:23.705 [info] > git config --get --local branch.master.vscode-merge-base [2ms]
2025-07-11 15:37:23.706 [warning] [Git][config] git config failed: Failed to execute git
2025-07-11 15:37:23.714 [info] > git config --get commit.template [21ms]
2025-07-11 15:37:23.745 [info] > git reflog master --grep-reflog=branch: Created from *. [30ms]
2025-07-11 15:37:23.767 [info] > git symbolic-ref --short refs/remotes/origin/HEAD [14ms]
2025-07-11 15:37:23.776 [info] > git for-each-ref --format=%(refname)%00%(upstream:short)%00%(objectname)%00%(upstream:track)%00%(upstream:remotename)%00%(upstream:remoteref) refs/heads/master refs/remotes/master [32ms]
2025-07-11 15:37:23.786 [warning] [Git][revParse] Unable to read file: ENOENT: no such file or directory, open '/home/bpatch/repos/java/project-manager/.git/refs/remotes/origin/master'
2025-07-11 15:37:23.787 [info] > git for-each-ref --format=%(refname)%00%(upstream:short)%00%(objectname)%00%(upstream:track)%00%(upstream:remotename)%00%(upstream:remoteref) refs/heads/origin/master refs/remotes/origin/master [11ms]
2025-07-11 15:37:23.798 [info] > git rev-parse refs/remotes/origin/master [12ms]
2025-07-11 15:37:23.816 [info] > git status -z -uall [10ms]
2025-07-11 15:37:23.816 [info] > git config --add --local branch.master.vscode-merge-base origin/master [20ms]
2025-07-11 15:37:23.817 [info] > git for-each-ref --sort -committerdate --format %(refname)%00%(objectname)%00%(*objectname) [2ms] (cancelled)
2025-07-11 15:37:23.838 [info] > git for-each-ref --format=%(refname)%00%(upstream:short)%00%(objectname)%00%(upstream:track)%00%(upstream:remotename)%00%(upstream:remoteref) refs/heads/master refs/remotes/master [11ms]
2025-07-11 15:37:23.848 [info] > git config --get --local branch.master.vscode-merge-base [1ms]
2025-07-11 15:37:23.858 [info] > git config --get commit.template [20ms]
2025-07-11 15:37:23.869 [info] > git for-each-ref --format=%(refname)%00%(upstream:short)%00%(objectname)%00%(upstream:track)%00%(upstream:remotename)%00%(upstream:remoteref) refs/heads/origin/master refs/remotes/origin/master [10ms]
2025-07-11 15:37:23.879 [info] > git for-each-ref --format=%(refname)%00%(upstream:short)%00%(objectname)%00%(upstream:track)%00%(upstream:remotename)%00%(upstream:remoteref) refs/heads/master refs/remotes/master [11ms]
2025-07-11 15:37:23.889 [warning] [Git][revParse] Unable to read file: ENOENT: no such file or directory, open '/home/bpatch/repos/java/project-manager/.git/refs/remotes/origin/master'
2025-07-11 15:37:23.889 [info] > git merge-base refs/heads/master refs/remotes/origin/master [11ms]
2025-07-11 15:37:23.899 [info] > git rev-parse refs/remotes/origin/master [10ms]
2025-07-11 15:37:23.918 [info] > git status -z -uall [10ms]
2025-07-11 15:37:23.919 [info] > git diff --name-status -z --diff-filter=ADMR dba29c2f18913f343d7278669876ee078ddcd318...refs/remotes/origin/master [20ms]
2025-07-11 15:37:23.920 [info] > git for-each-ref --sort -committerdate --format %(refname)%00%(objectname)%00%(*objectname) [3ms]
2025-07-11 15:37:23.996 [info] > git check-ignore -v -z --stdin [1ms]
2025-07-11 15:37:26.728 [info] > git config --get commit.template [2ms]
2025-07-11 15:37:26.740 [info] > git for-each-ref --format=%(refname)%00%(upstream:short)%00%(objectname)%00%(upstream:track)%00%(upstream:remotename)%00%(upstream:remoteref) refs/heads/master refs/remotes/master [2ms]
2025-07-11 15:37:26.749 [warning] [Git][revParse] Unable to read file: ENOENT: no such file or directory, open '/home/bpatch/repos/java/project-manager/.git/refs/remotes/origin/master'
2025-07-11 15:37:26.750 [info] > git rev-parse refs/remotes/origin/master [1ms]
2025-07-11 15:37:26.771 [info] > git status -z -uall [11ms]
2025-07-11 15:37:26.772 [info] > git for-each-ref --sort -committerdate --format %(refname)%00%(objectname)%00%(*objectname) [2ms]
2025-07-11 15:37:27.033 [info] > git show --textconv :src/main/java/org/drbpatch/NotificationManager.java [12ms]
2025-07-11 15:37:27.034 [info] > git ls-files --stage -- src/main/java/org/drbpatch/NotificationManager.java [2ms]
2025-07-11 15:37:27.045 [info] > git cat-file -s 6ddf850e0e8ff5903eb94e6e0d399c471e550714 [2ms]
2025-07-11 15:37:27.200 [info] > git check-ignore -v -z --stdin [1ms]
2025-07-11 15:37:27.777 [info] > git show --textconv :src/main/java/org/drbpatch/PopulateInfo.java [17ms]
2025-07-11 15:37:27.779 [info] > git ls-files --stage -- src/main/java/org/drbpatch/PopulateInfo.java [7ms]
2025-07-11 15:37:27.793 [info] > git cat-file -s 7eaa5b8cfc3dd960dcf1936d8f022fb2c581cf7f [4ms]
2025-07-11 15:37:27.908 [info] > git ls-files --stage -- src/main/java/org/drbpatch/PopulateInfo.java [1ms]
2025-07-11 15:37:27.919 [info] > git cat-file -s 7eaa5b8cfc3dd960dcf1936d8f022fb2c581cf7f [2ms]
2025-07-11 15:37:27.943 [info] > git show --textconv :src/main/java/org/drbpatch/PopulateInfo.java [13ms]
2025-07-11 15:37:28.439 [info] > git show --textconv :src/main/java/org/drbpatch/ProjectForm.java [13ms]
2025-07-11 15:37:28.442 [info] > git ls-files --stage -- src/main/java/org/drbpatch/ProjectForm.java [4ms]
2025-07-11 15:37:28.466 [info] > git cat-file -s 920765c63c0d002f6a289b3e630717693b4bbabb [15ms]
2025-07-11 15:37:31.795 [info] > git config --get commit.template [10ms]
2025-07-11 15:37:31.796 [info] > git for-each-ref --format=%(refname)%00%(upstream:short)%00%(objectname)%00%(upstream:track)%00%(upstream:remotename)%00%(upstream:remoteref) refs/heads/master refs/remotes/master [2ms]
2025-07-11 15:37:31.805 [warning] [Git][revParse] Unable to read file: ENOENT: no such file or directory, open '/home/bpatch/repos/java/project-manager/.git/refs/remotes/origin/master'
2025-07-11 15:37:31.806 [info] > git rev-parse refs/remotes/origin/master [1ms]
2025-07-11 15:37:31.825 [info] > git status -z -uall [11ms]
2025-07-11 15:37:31.826 [info] > git for-each-ref --sort -committerdate --format %(refname)%00%(objectname)%00%(*objectname) [2ms]
2025-07-11 15:38:04.344 [info] > git check-ignore -v -z --stdin [1ms]
2025-07-11 15:38:04.388 [info] > git config --get commit.template [17ms]
2025-07-11 15:38:04.389 [info] > git for-each-ref --format=%(refname)%00%(upstream:short)%00%(objectname)%00%(upstream:track)%00%(upstream:remotename)%00%(upstream:remoteref) refs/heads/master refs/remotes/master [2ms]
2025-07-11 15:38:04.405 [warning] [Git][revParse] Unable to read file: ENOENT: no such file or directory, open '/home/bpatch/repos/java/project-manager/.git/refs/remotes/origin/master'
2025-07-11 15:38:04.407 [info] > git rev-parse refs/remotes/origin/master [2ms]
2025-07-11 15:38:04.437 [info] > git status -z -uall [15ms]
2025-07-11 15:38:04.439 [info] > git for-each-ref --sort -committerdate --format %(refname)%00%(objectname)%00%(*objectname) [3ms]
2025-07-11 15:38:05.735 [info] > git check-ignore -v -z --stdin [2ms]
2025-07-11 15:38:11.228 [info] > git config --get commit.template [1ms]
2025-07-11 15:38:11.238 [info] > git for-each-ref --format=%(refname)%00%(upstream:short)%00%(objectname)%00%(upstream:track)%00%(upstream:remotename)%00%(upstream:remoteref) refs/heads/master refs/remotes/master [1ms]
2025-07-11 15:38:11.247 [warning] [Git][revParse] Unable to read file: ENOENT: no such file or directory, open '/home/bpatch/repos/java/project-manager/.git/refs/remotes/origin/master'
2025-07-11 15:38:11.248 [info] > git rev-parse refs/remotes/origin/master [1ms]
2025-07-11 15:38:11.268 [info] > git status -z -uall [10ms]
2025-07-11 15:38:11.269 [info] > git for-each-ref --sort -committerdate --format %(refname)%00%(objectname)%00%(*objectname) [2ms]
2025-07-11 15:38:14.350 [info] > git check-ignore -v -z --stdin [1ms]
2025-07-11 15:38:15.012 [info] > git check-ignore -v -z --stdin [2ms]
2025-07-11 15:38:25.885 [info] > git config --get commit.template [15ms]
2025-07-11 15:38:25.886 [info] > git for-each-ref --format=%(refname)%00%(upstream:short)%00%(objectname)%00%(upstream:track)%00%(upstream:remotename)%00%(upstream:remoteref) refs/heads/master refs/remotes/master [2ms]
2025-07-11 15:38:25.899 [warning] [Git][revParse] Unable to read file: ENOENT: no such file or directory, open '/home/bpatch/repos/java/project-manager/.git/refs/remotes/origin/master'
2025-07-11 15:38:25.901 [info] > git rev-parse refs/remotes/origin/master [2ms]
2025-07-11 15:38:25.927 [info] > git status -z -uall [14ms]
2025-07-11 15:38:25.928 [info] > git for-each-ref --sort -committerdate --format %(refname)%00%(objectname)%00%(*objectname) [3ms]
2025-07-11 15:38:31.009 [info] > git config --get commit.template [14ms]
2025-07-11 15:38:31.010 [info] > git for-each-ref --format=%(refname)%00%(upstream:short)%00%(objectname)%00%(upstream:track)%00%(upstream:remotename)%00%(upstream:remoteref) refs/heads/master refs/remotes/master [2ms]
2025-07-11 15:38:31.022 [warning] [Git][revParse] Unable to read file: ENOENT: no such file or directory, open '/home/bpatch/repos/java/project-manager/.git/refs/remotes/origin/master'
2025-07-11 15:38:31.024 [info] > git rev-parse refs/remotes/origin/master [2ms]
2025-07-11 15:38:31.051 [info] > git status -z -uall [14ms]
2025-07-11 15:38:31.052 [info] > git for-each-ref --sort -committerdate --format %(refname)%00%(objectname)%00%(*objectname) [2ms]
2025-07-11 15:43:14.348 [info] > git config --get commit.template [16ms]
2025-07-11 15:43:14.349 [info] > git for-each-ref --format=%(refname)%00%(upstream:short)%00%(objectname)%00%(upstream:track)%00%(upstream:remotename)%00%(upstream:remoteref) refs/heads/master refs/remotes/master [3ms]
2025-07-11 15:43:14.364 [warning] [Git][revParse] Unable to read file: ENOENT: no such file or directory, open '/home/bpatch/repos/java/project-manager/.git/refs/remotes/origin/master'
2025-07-11 15:43:14.366 [info] > git rev-parse refs/remotes/origin/master [2ms]
2025-07-11 15:43:14.397 [info] > git status -z -uall [18ms]
2025-07-11 15:43:14.399 [info] > git for-each-ref --sort -committerdate --format %(refname)%00%(objectname)%00%(*objectname) [4ms]
2025-07-11 15:44:36.730 [info] > git config --get commit.template [2ms]
2025-07-11 15:44:36.747 [info] > git for-each-ref --format=%(refname)%00%(upstream:short)%00%(objectname)%00%(upstream:track)%00%(upstream:remotename)%00%(upstream:remoteref) refs/heads/master refs/remotes/master [2ms]
2025-07-11 15:44:36.761 [warning] [Git][revParse] Unable to read file: ENOENT: no such file or directory, open '/home/bpatch/repos/java/project-manager/.git/refs/remotes/origin/master'
2025-07-11 15:44:36.763 [info] > git rev-parse refs/remotes/origin/master [2ms]
2025-07-11 15:44:36.793 [info] > git status -z -uall [16ms]
2025-07-11 15:44:36.794 [info] > git for-each-ref --sort -committerdate --format %(refname)%00%(objectname)%00%(*objectname) [2ms]
2025-07-11 15:45:43.974 [info] > git config --get commit.template [13ms]
2025-07-11 15:45:43.975 [info] > git for-each-ref --format=%(refname)%00%(upstream:short)%00%(objectname)%00%(upstream:track)%00%(upstream:remotename)%00%(upstream:remoteref) refs/heads/master refs/remotes/master [2ms]
2025-07-11 15:45:43.986 [warning] [Git][revParse] Unable to read file: ENOENT: no such file or directory, open '/home/bpatch/repos/java/project-manager/.git/refs/remotes/origin/master'
2025-07-11 15:45:43.988 [info] > git rev-parse refs/remotes/origin/master [1ms]
2025-07-11 15:45:44.011 [info] > git status -z -uall [12ms]
2025-07-11 15:45:44.013 [info] > git for-each-ref --sort -committerdate --format %(refname)%00%(objectname)%00%(*objectname) [3ms]
2025-07-11 15:49:37.620 [info] > git config --get commit.template [12ms]
2025-07-11 15:49:37.621 [info] > git for-each-ref --format=%(refname)%00%(upstream:short)%00%(objectname)%00%(upstream:track)%00%(upstream:remotename)%00%(upstream:remoteref) refs/heads/master refs/remotes/master [2ms]
2025-07-11 15:49:37.631 [warning] [Git][revParse] Unable to read file: ENOENT: no such file or directory, open '/home/bpatch/repos/java/project-manager/.git/refs/remotes/origin/master'
2025-07-11 15:49:37.632 [info] > git rev-parse refs/remotes/origin/master [1ms]
2025-07-11 15:49:37.655 [info] > git status -z -uall [12ms]
2025-07-11 15:49:37.656 [info] > git for-each-ref --sort -committerdate --format %(refname)%00%(objectname)%00%(*objectname) [2ms]
2025-07-11 15:49:43.619 [info] > git config --get commit.template [13ms]
2025-07-11 15:49:43.619 [info] > git for-each-ref --format=%(refname)%00%(upstream:short)%00%(objectname)%00%(upstream:track)%00%(upstream:remotename)%00%(upstream:remoteref) refs/heads/master refs/remotes/master [1ms]
2025-07-11 15:49:43.631 [warning] [Git][revParse] Unable to read file: ENOENT: no such file or directory, open '/home/bpatch/repos/java/project-manager/.git/refs/remotes/origin/master'
2025-07-11 15:49:43.632 [info] > git rev-parse refs/remotes/origin/master [2ms]
2025-07-11 15:49:43.655 [info] > git status -z -uall [12ms]
2025-07-11 15:49:43.657 [info] > git for-each-ref --sort -committerdate --format %(refname)%00%(objectname)%00%(*objectname) [2ms]
2025-07-11 15:49:53.427 [info] > git config --get commit.template [17ms]
2025-07-11 15:49:53.428 [info] > git for-each-ref --format=%(refname)%00%(upstream:short)%00%(objectname)%00%(upstream:track)%00%(upstream:remotename)%00%(upstream:remoteref) refs/heads/master refs/remotes/master [3ms]
2025-07-11 15:49:53.443 [warning] [Git][revParse] Unable to read file: ENOENT: no such file or directory, open '/home/bpatch/repos/java/project-manager/.git/refs/remotes/origin/master'
2025-07-11 15:49:53.444 [info] > git rev-parse refs/remotes/origin/master [1ms]
2025-07-11 15:49:53.473 [info] > git status -z -uall [14ms]
2025-07-11 15:49:53.475 [info] > git for-each-ref --sort -committerdate --format %(refname)%00%(objectname)%00%(*objectname) [4ms]
2025-07-11 15:50:07.385 [info] > git config --get commit.template [12ms]
2025-07-11 15:50:07.387 [info] > git for-each-ref --format=%(refname)%00%(upstream:short)%00%(objectname)%00%(upstream:track)%00%(upstream:remotename)%00%(upstream:remoteref) refs/heads/master refs/remotes/master [2ms]
2025-07-11 15:50:07.398 [warning] [Git][revParse] Unable to read file: ENOENT: no such file or directory, open '/home/bpatch/repos/java/project-manager/.git/refs/remotes/origin/master'
2025-07-11 15:50:07.399 [info] > git rev-parse refs/remotes/origin/master [1ms]
2025-07-11 15:50:07.423 [info] > git status -z -uall [13ms]
2025-07-11 15:50:07.424 [info] > git for-each-ref --sort -committerdate --format %(refname)%00%(objectname)%00%(*objectname) [2ms]
2025-07-11 15:52:00.962 [info] > git config --get commit.template [14ms]
2025-07-11 15:52:00.963 [info] > git for-each-ref --format=%(refname)%00%(upstream:short)%00%(objectname)%00%(upstream:track)%00%(upstream:remotename)%00%(upstream:remoteref) refs/heads/master refs/remotes/master [1ms]
2025-07-11 15:52:00.976 [warning] [Git][revParse] Unable to read file: ENOENT: no such file or directory, open '/home/bpatch/repos/java/project-manager/.git/refs/remotes/origin/master'
2025-07-11 15:52:00.978 [info] > git rev-parse refs/remotes/origin/master [2ms]
2025-07-11 15:52:01.003 [info] > git status -z -uall [14ms]
2025-07-11 15:52:01.004 [info] > git for-each-ref --sort -committerdate --format %(refname)%00%(objectname)%00%(*objectname) [2ms]
2025-07-11 15:52:39.694 [info] > git config --get commit.template [15ms]
2025-07-11 15:52:39.695 [info] > git for-each-ref --format=%(refname)%00%(upstream:short)%00%(objectname)%00%(upstream:track)%00%(upstream:remotename)%00%(upstream:remoteref) refs/heads/master refs/remotes/master [2ms]
2025-07-11 15:52:39.710 [warning] [Git][revParse] Unable to read file: ENOENT: no such file or directory, open '/home/bpatch/repos/java/project-manager/.git/refs/remotes/origin/master'
2025-07-11 15:52:39.712 [info] > git rev-parse refs/remotes/origin/master [2ms]
2025-07-11 15:52:39.743 [info] > git status -z -uall [17ms]
2025-07-11 15:52:39.744 [info] > git for-each-ref --sort -committerdate --format %(refname)%00%(objectname)%00%(*objectname) [4ms]
2025-07-11 15:53:25.594 [info] > git config --get commit.template [14ms]
2025-07-11 15:53:25.596 [info] > git for-each-ref --format=%(refname)%00%(upstream:short)%00%(objectname)%00%(upstream:track)%00%(upstream:remotename)%00%(upstream:remoteref) refs/heads/master refs/remotes/master [3ms]
2025-07-11 15:53:25.609 [warning] [Git][revParse] Unable to read file: ENOENT: no such file or directory, open '/home/bpatch/repos/java/project-manager/.git/refs/remotes/origin/master'
2025-07-11 15:53:25.611 [info] > git rev-parse refs/remotes/origin/master [2ms]
2025-07-11 15:53:25.639 [info] > git status -z -uall [15ms]
2025-07-11 15:53:25.641 [info] > git for-each-ref --sort -committerdate --format %(refname)%00%(objectname)%00%(*objectname) [3ms]
2025-07-11 15:53:30.670 [info] > git config --get commit.template [12ms]
2025-07-11 15:53:30.671 [info] > git for-each-ref --format=%(refname)%00%(upstream:short)%00%(objectname)%00%(upstream:track)%00%(upstream:remotename)%00%(upstream:remoteref) refs/heads/master refs/remotes/master [2ms]
2025-07-11 15:53:30.682 [warning] [Git][revParse] Unable to read file: ENOENT: no such file or directory, open '/home/bpatch/repos/java/project-manager/.git/refs/remotes/origin/master'
2025-07-11 15:53:30.684 [info] > git rev-parse refs/remotes/origin/master [2ms]
2025-07-11 15:53:30.707 [info] > git status -z -uall [12ms]
2025-07-11 15:53:30.708 [info] > git for-each-ref --sort -committerdate --format %(refname)%00%(objectname)%00%(*objectname) [2ms]
2025-07-11 15:53:35.275 [info] > git show --textconv :src/main/java/org/drbpatch/ProjectManagerGUI.java [16ms]
2025-07-11 15:53:35.277 [info] > git ls-files --stage -- src/main/java/org/drbpatch/ProjectManagerGUI.java [4ms]
2025-07-11 15:53:35.291 [info] > git cat-file -s 068d5b35b9293ce3e9eaec32bedc6cf6d04c162e [1ms]
2025-07-11 15:54:11.421 [info] > git show --textconv :src/main/java/org/drbpatch/init.java [16ms]
2025-07-11 15:54:11.423 [info] > git ls-files --stage -- src/main/java/org/drbpatch/init.java [2ms]
2025-07-11 15:54:11.434 [info] > git cat-file -s 1811bc47a4a8ee1feedebc0a780d205c1ec06a07 [1ms]
2025-07-11 15:54:37.899 [info] > git show --textconv :src/main/java/org/drbpatch/ProjectManagerGUI.java [12ms]
2025-07-11 15:54:37.900 [info] > git ls-files --stage -- src/main/java/org/drbpatch/ProjectManagerGUI.java [2ms]
2025-07-11 15:54:37.911 [info] > git cat-file -s 068d5b35b9293ce3e9eaec32bedc6cf6d04c162e [2ms]
2025-07-11 15:55:41.943 [info] > git show --textconv :src/main/java/org/drbpatch/Settings.java [12ms]
2025-07-11 15:55:41.944 [info] > git ls-files --stage -- src/main/java/org/drbpatch/Settings.java [2ms]
2025-07-11 15:55:41.954 [info] > git cat-file -s cf352c5999512fd7aac158e95a3ec9f6fc228339 [1ms]
2025-07-11 15:55:44.954 [info] > git show --textconv :src/main/java/org/drbpatch/Main.java [13ms]
2025-07-11 15:55:44.955 [info] > git ls-files --stage -- src/main/java/org/drbpatch/Main.java [2ms]
2025-07-11 15:55:44.968 [info] > git cat-file -s ed9ecf746ba5f262ed402ac954ef2925e8a2ee05 [2ms]
2025-07-11 15:56:05.214 [info] > git show --textconv :src/main/java/org/drbpatch/ProjectSync.java [12ms]
2025-07-11 15:56:05.215 [info] > git ls-files --stage -- src/main/java/org/drbpatch/ProjectSync.java [2ms]
2025-07-11 15:56:05.228 [info] > git cat-file -s 15640f9ea4e99e44a9508a09827802d820bdd312 [2ms]
2025-07-11 15:56:46.543 [info] > git show --textconv :src/main/java/org/drbpatch/ProjectManagerGUI.java [11ms]
2025-07-11 15:56:46.545 [info] > git ls-files --stage -- src/main/java/org/drbpatch/ProjectManagerGUI.java [2ms]
2025-07-11 15:56:46.556 [info] > git cat-file -s 068d5b35b9293ce3e9eaec32bedc6cf6d04c162e [1ms]
2025-07-11 15:57:36.783 [info] > git show --textconv :src/main/java/org/drbpatch/NotificationManager.java [13ms]
2025-07-11 15:57:36.784 [info] > git ls-files --stage -- src/main/java/org/drbpatch/NotificationManager.java [2ms]
2025-07-11 15:57:36.797 [info] > git cat-file -s 6ddf850e0e8ff5903eb94e6e0d399c471e550714 [1ms]
2025-07-11 15:57:39.160 [info] > git show --textconv :src/main/java/org/drbpatch/PopulateInfo.java [12ms]
2025-07-11 15:57:39.161 [info] > git ls-files --stage -- src/main/java/org/drbpatch/PopulateInfo.java [2ms]
2025-07-11 15:57:39.171 [info] > git cat-file -s 7eaa5b8cfc3dd960dcf1936d8f022fb2c581cf7f [1ms]
2025-07-11 15:57:40.575 [info] > git show --textconv :src/main/java/org/drbpatch/Project.java [10ms]
2025-07-11 15:57:40.576 [info] > git ls-files --stage -- src/main/java/org/drbpatch/Project.java [2ms]
2025-07-11 15:57:40.586 [info] > git cat-file -s 118337ff795e38e3db4e5ceb593e39e96319dcfd [1ms]
2025-07-11 15:57:42.203 [info] > git show --textconv :src/main/java/org/drbpatch/ProjectForm.java [11ms]
2025-07-11 15:57:42.204 [info] > git ls-files --stage -- src/main/java/org/drbpatch/ProjectForm.java [2ms]
2025-07-11 15:57:42.214 [info] > git cat-file -s 920765c63c0d002f6a289b3e630717693b4bbabb [1ms]
2025-07-11 15:57:58.972 [info] > git show --textconv :src/main/java/org/drbpatch/BackendAPI.java [14ms]
2025-07-11 15:57:58.973 [info] > git ls-files --stage -- src/main/java/org/drbpatch/BackendAPI.java [2ms]
2025-07-11 15:57:58.988 [info] > git cat-file -s f33cc57e433a7530216ac67d83677e27232f08e3 [2ms]
