2025-07-11 15:35:12.702 [info] Reading sessions from keychain...
2025-07-11 15:35:12.702 [info] Getting sessions for all scopes...
2025-07-11 15:35:12.702 [info] Got 0 sessions for ...
2025-07-11 15:35:12.702 [info] Getting sessions for all scopes...
2025-07-11 15:35:12.702 [info] Got 0 sessions for ...
2025-07-11 15:35:12.702 [info] Getting sessions for read:user,repo,user:email,workflow...
2025-07-11 15:35:12.702 [info] Got 0 sessions for read:user,repo,user:email,workflow...
2025-07-11 15:35:13.391 [info] Getting sessions for all scopes...
2025-07-11 15:35:13.391 [info] Got 0 sessions for ...
2025-07-11 15:35:13.442 [info] Getting sessions for all scopes...
2025-07-11 15:35:13.442 [info] Got 0 sessions for ...
2025-07-11 15:37:23.848 [info] Reading sessions from keychain...
2025-07-11 15:37:23.848 [info] Getting sessions for all scopes...
2025-07-11 15:37:23.848 [info] Got 0 sessions for ...
2025-07-11 15:37:23.848 [info] Getting sessions for all scopes...
2025-07-11 15:37:23.848 [info] Got 0 sessions for ...
2025-07-11 15:37:23.848 [info] Getting sessions for read:user,repo,user:email,workflow...
2025-07-11 15:37:23.848 [info] Got 0 sessions for read:user,repo,user:email,workflow...
2025-07-11 15:37:24.710 [info] Getting sessions for all scopes...
2025-07-11 15:37:24.710 [info] Got 0 sessions for ...
2025-07-11 15:37:24.714 [info] Getting sessions for all scopes...
2025-07-11 15:37:24.714 [info] Got 0 sessions for ...
