2025-07-11 15:35:10.805 [info] Added views:windsurf.cascadePanel in windsurf.cascadeViewContainerId
2025-07-11 15:35:10.805 [info] Added views:outline in workbench.view.explorer
2025-07-11 15:35:10.805 [info] Added views:workbench.view.search in workbench.view.search
2025-07-11 15:35:10.805 [info] Added views:workbench.scm in workbench.view.scm
2025-07-11 15:35:10.805 [info] Added views:workbench.panel.markers.view in workbench.panel.markers
2025-07-11 15:35:10.805 [info] Added views:workbench.panel.output in workbench.panel.output
2025-07-11 15:35:10.805 [info] Added views:terminal in terminal
2025-07-11 15:35:10.805 [info] Added views:timeline in workbench.view.explorer
2025-07-11 15:35:10.805 [info] Added views:workbench.explorer.fileView in workbench.view.explorer
2025-07-11 15:35:11.353 [info] Added views:windsurfDevContainers in workbench.view.remote
2025-07-11 15:35:11.353 [info] Added views:windsurfSSHHosts in workbench.view.remote
2025-07-11 15:35:11.602 [info] Added views:workbench.debug.variablesView,workbench.debug.watchExpressionsView,workbench.debug.callStackView,workbench.debug.breakPointsView in workbench.view.debug
2025-07-11 15:35:11.661 [info] Added views:workbench.panel.repl.view in workbench.panel.repl
2025-07-11 15:35:11.665 [info] Removed views:workbench.debug.breakPointsView,workbench.debug.callStackView,workbench.debug.watchExpressionsView,workbench.debug.variablesView from workbench.view.debug
2025-07-11 15:35:11.666 [info] Added views:workbench.debug.welcome in workbench.view.debug
2025-07-11 15:35:11.762 [info] Added views:~remote.forwardedPorts in ~remote.forwardedPortsContainer
2025-07-11 15:35:12.240 [info] Added views:workbench.scm.history in workbench.view.scm
2025-07-11 15:35:30.744 [info] Removed views:workbench.scm.history from workbench.view.scm
2025-07-11 15:35:31.434 [info] Added views:windsurf.cascadePanel in windsurf.cascadeViewContainerId
2025-07-11 15:35:31.434 [info] Added views:outline in workbench.view.explorer
2025-07-11 15:35:31.434 [info] Added views:workbench.view.search in workbench.view.search
2025-07-11 15:35:31.434 [info] Added views:workbench.scm in workbench.view.scm
2025-07-11 15:35:31.434 [info] Added views:workbench.panel.markers.view in workbench.panel.markers
2025-07-11 15:35:31.434 [info] Added views:workbench.panel.output in workbench.panel.output
2025-07-11 15:35:31.434 [info] Added views:terminal in terminal
2025-07-11 15:35:31.434 [info] Added views:timeline in workbench.view.explorer
2025-07-11 15:35:31.434 [info] Added views:workbench.explorer.emptyView in workbench.view.explorer
2025-07-11 15:35:31.863 [info] Added views:windsurfDevContainers in workbench.view.remote
2025-07-11 15:35:31.863 [info] Added views:windsurfSSHHosts in workbench.view.remote
2025-07-11 15:35:32.012 [info] Added views:workbench.debug.variablesView,workbench.debug.watchExpressionsView,workbench.debug.callStackView,workbench.debug.breakPointsView in workbench.view.debug
2025-07-11 15:35:32.066 [info] Added views:~remote.forwardedPorts in ~remote.forwardedPortsContainer
2025-07-11 15:35:32.151 [info] Added views:workbench.panel.repl.view in workbench.panel.repl
2025-07-11 15:35:32.152 [info] Removed views:workbench.debug.breakPointsView,workbench.debug.callStackView,workbench.debug.watchExpressionsView,workbench.debug.variablesView from workbench.view.debug
2025-07-11 15:35:32.153 [info] Added views:workbench.debug.welcome in workbench.view.debug
2025-07-11 15:37:22.057 [info] Added views:windsurf.cascadePanel in windsurf.cascadeViewContainerId
2025-07-11 15:37:22.057 [info] Added views:outline in workbench.view.explorer
2025-07-11 15:37:22.057 [info] Added views:workbench.view.search in workbench.view.search
2025-07-11 15:37:22.057 [info] Added views:workbench.scm in workbench.view.scm
2025-07-11 15:37:22.057 [info] Added views:workbench.panel.markers.view in workbench.panel.markers
2025-07-11 15:37:22.057 [info] Added views:workbench.panel.output in workbench.panel.output
2025-07-11 15:37:22.057 [info] Added views:terminal in terminal
2025-07-11 15:37:22.057 [info] Added views:timeline in workbench.view.explorer
2025-07-11 15:37:22.057 [info] Added views:workbench.explorer.fileView in workbench.view.explorer
2025-07-11 15:37:22.575 [info] Added views:windsurfDevContainers in workbench.view.remote
2025-07-11 15:37:22.576 [info] Added views:windsurfSSHHosts in workbench.view.remote
2025-07-11 15:37:22.746 [info] Added views:workbench.debug.welcome in workbench.view.debug
2025-07-11 15:37:22.774 [info] Added views:workbench.panel.repl.view in workbench.panel.repl
2025-07-11 15:37:22.908 [info] Added views:~remote.forwardedPorts in ~remote.forwardedPortsContainer
2025-07-11 15:37:23.409 [info] Added views:workbench.scm.history in workbench.view.scm
2025-07-11 15:58:39.987 [info] Removed views:workbench.scm.history from workbench.view.scm
